<?xml version="1.0" encoding="UTF-8"?>
<testsuite name="com.bank.account.service.AccountServiceIntegrationTest" time="0.001" tests="1" errors="1" skipped="0" failures="0">
  <properties>
[...]
</properties>
  <testcase name="testCreateAndFind" classname="com.bank.account.service.AccountServiceIntegrationTest" time="0.001">
    <error message="Failed to load ApplicationContext" type="java.lang.IllegalStateException"><![CDATA[java.lang.IllegalStateException: Failed to load ApplicationContext
	at org.springframework.test.context.cache.DefaultCacheAwareContextLoaderDelegate.loadContext(DefaultCacheAwareContextLoaderDelegate.java:124)
	at org.springframework.test.context.support.DefaultTestContext.getApplicationContext(DefaultTestContext.java:83)
	at org.springframework.test.context.support.DependencyInjectionTestExecutionListener.injectDependencies(DependencyInjectionTestExecutionListener.java:117)
	at org.springframework.test.context.support.DependencyInjectionTestExecutionListener.prepareTestInstance(DependencyInjectionTestExecutionListener.java:83)
	at org.springframework.boot.test.autoconfigure.SpringBootDependencyInjectionTestExecutionListener.prepareTestInstance(SpringBootDependencyInjectionTestExecutionListener.java:44)
	at org.springframework.test.context.TestContextManager.prepareTestInstance(TestContextManager.java:230)
	at org.springframework.test.context.junit4.SpringJUnit4ClassRunner.createTest(SpringJUnit4ClassRunner.java:228)
	at org.springframework.test.context.junit4.SpringJUnit4ClassRunner$1.runReflectiveCall(SpringJUnit4ClassRunner.java:287)
	at org.junit.internal.runners.model.ReflectiveCallable.run(ReflectiveCallable.java:12)
	at org.springframework.test.context.junit4.SpringJUnit4ClassRunner.methodBlock(SpringJUnit4ClassRunner.java:289)
	at org.springframework.test.context.junit4.SpringJUnit4ClassRunner.runChild(SpringJUnit4ClassRunner.java:247)
	at org.springframework.test.context.junit4.SpringJUnit4ClassRunner.runChild(SpringJUnit4ClassRunner.java:94)
	at org.junit.runners.ParentRunner$3.run(ParentRunner.java:290)
	at org.junit.runners.ParentRunner$1.schedule(ParentRunner.java:71)
	at org.junit.runners.ParentRunner.runChildren(ParentRunner.java:288)
	at org.junit.runners.ParentRunner.access$000(ParentRunner.java:58)
	at org.junit.runners.ParentRunner$2.evaluate(ParentRunner.java:268)
	at org.springframework.test.context.junit4.statements.RunBeforeTestClassCallbacks.evaluate(RunBeforeTestClassCallbacks.java:61)
	at org.springframework.test.context.junit4.statements.RunAfterTestClassCallbacks.evaluate(RunAfterTestClassCallbacks.java:70)
	at org.junit.runners.ParentRunner.run(ParentRunner.java:363)
	at org.springframework.test.context.junit4.SpringJUnit4ClassRunner.run(SpringJUnit4ClassRunner.java:191)
	at org.apache.maven.surefire.junit4.JUnit4Provider.execute(JUnit4Provider.java:283)
	at org.apache.maven.surefire.junit4.JUnit4Provider.executeWithRerun(JUnit4Provider.java:173)
	at org.apache.maven.surefire.junit4.JUnit4Provider.executeTestSet(JUnit4Provider.java:153)
	at org.apache.maven.surefire.junit4.JUnit4Provider.invoke(JUnit4Provider.java:128)
	at org.apache.maven.surefire.booter.ForkedBooter.invokeProviderInSameClassLoader(ForkedBooter.java:203)
	at org.apache.maven.surefire.booter.ForkedBooter.runSuitesInProcess(ForkedBooter.java:155)
	at org.apache.maven.surefire.booter.ForkedBooter.main(ForkedBooter.java:103)
Caused by: java.lang.IllegalStateException: Failed to add PropertySource to Environment
	at org.springframework.test.context.support.TestPropertySourceUtils.addPropertiesFilesToEnvironment(TestPropertySourceUtils.java:198)
	at org.springframework.boot.test.context.SpringBootContextLoader.loadContext(SpringBootContextLoader.java:100)
	at org.springframework.test.context.cache.DefaultCacheAwareContextLoaderDelegate.loadContextInternal(DefaultCacheAwareContextLoaderDelegate.java:98)
	at org.springframework.test.context.cache.DefaultCacheAwareContextLoaderDelegate.loadContext(DefaultCacheAwareContextLoaderDelegate.java:116)
	at org.springframework.test.context.support.DefaultTestContext.getApplicationContext(DefaultTestContext.java:83)
	at org.springframework.test.context.support.DependencyInjectionTestExecutionListener.injectDependencies(DependencyInjectionTestExecutionListener.java:117)
	at org.springframework.test.context.support.DependencyInjectionTestExecutionListener.prepareTestInstance(DependencyInjectionTestExecutionListener.java:83)
	at org.springframework.boot.test.autoconfigure.SpringBootDependencyInjectionTestExecutionListener.prepareTestInstance(SpringBootDependencyInjectionTestExecutionListener.java:44)
	at org.springframework.test.context.TestContextManager.prepareTestInstance(TestContextManager.java:230)
	at org.springframework.test.context.junit4.SpringJUnit4ClassRunner.createTest(SpringJUnit4ClassRunner.java:228)
	at org.springframework.test.context.junit4.SpringJUnit4ClassRunner$1.runReflectiveCall(SpringJUnit4ClassRunner.java:287)
	at org.junit.internal.runners.model.ReflectiveCallable.run(ReflectiveCallable.java:12)
	at org.springframework.test.context.junit4.SpringJUnit4ClassRunner.methodBlock(SpringJUnit4ClassRunner.java:289)
	at org.springframework.test.context.junit4.SpringJUnit4ClassRunner.runChild(SpringJUnit4ClassRunner.java:247)
	at org.springframework.test.context.junit4.SpringJUnit4ClassRunner.runChild(SpringJUnit4ClassRunner.java:94)
	at org.junit.runners.ParentRunner$3.run(ParentRunner.java:290)
	at org.junit.runners.ParentRunner$1.schedule(ParentRunner.java:71)
	at org.junit.runners.ParentRunner.runChildren(ParentRunner.java:288)
	at org.junit.runners.ParentRunner.access$000(ParentRunner.java:58)
	at org.junit.runners.ParentRunner$2.evaluate(ParentRunner.java:268)
	at org.springframework.test.context.junit4.statements.RunBeforeTestClassCallbacks.evaluate(RunBeforeTestClassCallbacks.java:61)
	at org.springframework.test.context.junit4.statements.RunAfterTestClassCallbacks.evaluate(RunAfterTestClassCallbacks.java:70)
	at org.junit.runners.ParentRunner.run(ParentRunner.java:363)
	at org.springframework.test.context.junit4.SpringJUnit4ClassRunner.run(SpringJUnit4ClassRunner.java:191)
	at org.apache.maven.surefire.junit4.JUnit4Provider.execute(JUnit4Provider.java:283)
	at org.apache.maven.surefire.junit4.JUnit4Provider.executeWithRerun(JUnit4Provider.java:173)
	at org.apache.maven.surefire.junit4.JUnit4Provider.executeTestSet(JUnit4Provider.java:153)
	at org.apache.maven.surefire.junit4.JUnit4Provider.invoke(JUnit4Provider.java:128)
	at org.apache.maven.surefire.booter.ForkedBooter.invokeProviderInSameClassLoader(ForkedBooter.java:203)
	at org.apache.maven.surefire.booter.ForkedBooter.runSuitesInProcess(ForkedBooter.java:155)
	at org.apache.maven.surefire.booter.ForkedBooter.main(ForkedBooter.java:103)
Caused by: java.io.FileNotFoundException: class path resource [application.properties] cannot be opened because it does not exist
	at org.springframework.core.io.ClassPathResource.getInputStream(ClassPathResource.java:172)
	at org.springframework.core.io.support.EncodedResource.getInputStream(EncodedResource.java:154)
	at org.springframework.core.io.support.PropertiesLoaderUtils.fillProperties(PropertiesLoaderUtils.java:98)
	at org.springframework.core.io.support.PropertiesLoaderUtils.fillProperties(PropertiesLoaderUtils.java:72)
	at org.springframework.core.io.support.PropertiesLoaderUtils.loadProperties(PropertiesLoaderUtils.java:58)
	at org.springframework.core.io.support.ResourcePropertySource.<init>(ResourcePropertySource.java:84)
	at org.springframework.test.context.support.TestPropertySourceUtils.addPropertiesFilesToEnvironment(TestPropertySourceUtils.java:194)
	at org.springframework.boot.test.context.SpringBootContextLoader.loadContext(SpringBootContextLoader.java:100)
	at org.springframework.test.context.cache.DefaultCacheAwareContextLoaderDelegate.loadContextInternal(DefaultCacheAwareContextLoaderDelegate.java:98)
	at org.springframework.test.context.cache.DefaultCacheAwareContextLoaderDelegate.loadContext(DefaultCacheAwareContextLoaderDelegate.java:116)
	at org.springframework.test.context.support.DefaultTestContext.getApplicationContext(DefaultTestContext.java:83)
	at org.springframework.test.context.support.DependencyInjectionTestExecutionListener.injectDependencies(DependencyInjectionTestExecutionListener.java:117)
	at org.springframework.test.context.support.DependencyInjectionTestExecutionListener.prepareTestInstance(DependencyInjectionTestExecutionListener.java:83)
	at org.springframework.boot.test.autoconfigure.SpringBootDependencyInjectionTestExecutionListener.prepareTestInstance(SpringBootDependencyInjectionTestExecutionListener.java:44)
	at org.springframework.test.context.TestContextManager.prepareTestInstance(TestContextManager.java:230)
	at org.springframework.test.context.junit4.SpringJUnit4ClassRunner.createTest(SpringJUnit4ClassRunner.java:228)
	at org.springframework.test.context.junit4.SpringJUnit4ClassRunner$1.runReflectiveCall(SpringJUnit4ClassRunner.java:287)
	at org.junit.internal.runners.model.ReflectiveCallable.run(ReflectiveCallable.java:12)
	at org.springframework.test.context.junit4.SpringJUnit4ClassRunner.methodBlock(SpringJUnit4ClassRunner.java:289)
	at org.springframework.test.context.junit4.SpringJUnit4ClassRunner.runChild(SpringJUnit4ClassRunner.java:247)
	at org.springframework.test.context.junit4.SpringJUnit4ClassRunner.runChild(SpringJUnit4ClassRunner.java:94)
	at org.junit.runners.ParentRunner$3.run(ParentRunner.java:290)
	at org.junit.runners.ParentRunner$1.schedule(ParentRunner.java:71)
	at org.junit.runners.ParentRunner.runChildren(ParentRunner.java:288)
	at org.junit.runners.ParentRunner.access$000(ParentRunner.java:58)
	at org.junit.runners.ParentRunner$2.evaluate(ParentRunner.java:268)
	at org.springframework.test.context.junit4.statements.RunBeforeTestClassCallbacks.evaluate(RunBeforeTestClassCallbacks.java:61)
	at org.springframework.test.context.junit4.statements.RunAfterTestClassCallbacks.evaluate(RunAfterTestClassCallbacks.java:70)
	at org.junit.runners.ParentRunner.run(ParentRunner.java:363)
	at org.springframework.test.context.junit4.SpringJUnit4ClassRunner.run(SpringJUnit4ClassRunner.java:191)
	at org.apache.maven.surefire.junit4.JUnit4Provider.execute(JUnit4Provider.java:283)
	at org.apache.maven.surefire.junit4.JUnit4Provider.executeWithRerun(JUnit4Provider.java:173)
	at org.apache.maven.surefire.junit4.JUnit4Provider.executeTestSet(JUnit4Provider.java:153)
	at org.apache.maven.surefire.junit4.JUnit4Provider.invoke(JUnit4Provider.java:128)
	at org.apache.maven.surefire.booter.ForkedBooter.invokeProviderInSameClassLoader(ForkedBooter.java:203)
	at org.apache.maven.surefire.booter.ForkedBooter.runSuitesInProcess(ForkedBooter.java:155)
	at org.apache.maven.surefire.booter.ForkedBooter.main(ForkedBooter.java:103)
]]></error>
    <system-out><![CDATA[23:51:20.862 [main] DEBUG org.springframework.test.context.support.AbstractDirtiesContextTestExecutionListener - After test class: context [DefaultTestContext@4550bb58 testClass = OperationServiceIntegrationTest, testInstance = [null], testMethod = [null], testException = [null], mergedContextConfiguration = [MergedContextConfiguration@4ec4f3a0 testClass = OperationServiceIntegrationTest, locations = '{}', classes = '{class com.bank.account.Application}', contextInitializerClasses = '[]', activeProfiles = '{}', propertySourceLocations = '{classpath:/application.properties}', propertySourceProperties = '{org.springframework.boot.test.context.SpringBootTestContextBootstrapper=true}', contextCustomizers = set[org.springframework.boot.test.context.SpringBootTestContextCustomizer@78c03f1f, org.springframework.boot.test.context.filter.ExcludeFilterContextCustomizer@5383967b, org.springframework.boot.test.json.DuplicateJsonObjectContextCustomizerFactory$DuplicateJsonObjectContextCustomizer@20398b7c, org.springframework.boot.test.mock.mockito.MockitoContextCustomizer@0, org.springframework.boot.test.autoconfigure.properties.PropertyMappingContextCustomizer@0, org.springframework.boot.test.autoconfigure.web.servlet.WebDriverContextCustomizerFactory$Customizer@887af79], contextLoader = 'org.springframework.boot.test.context.SpringBootContextLoader', parent = [null]]], class annotated with @DirtiesContext [false] with mode [null].
23:51:20.865 [main] DEBUG org.springframework.test.context.junit4.SpringJUnit4ClassRunner - SpringJUnit4ClassRunner constructor called with [class com.bank.account.service.AccountServiceIntegrationTest]
23:51:20.865 [main] DEBUG org.springframework.test.context.BootstrapUtils - Instantiating CacheAwareContextLoaderDelegate from class [org.springframework.test.context.cache.DefaultCacheAwareContextLoaderDelegate]
23:51:20.865 [main] DEBUG org.springframework.test.context.BootstrapUtils - Instantiating BootstrapContext using constructor [public org.springframework.test.context.support.DefaultBootstrapContext(java.lang.Class,org.springframework.test.context.CacheAwareContextLoaderDelegate)]
23:51:20.866 [main] DEBUG org.springframework.test.context.BootstrapUtils - Instantiating TestContextBootstrapper for test class [com.bank.account.service.AccountServiceIntegrationTest] from class [org.springframework.boot.test.context.SpringBootTestContextBootstrapper]
23:51:20.866 [main] INFO org.springframework.boot.test.context.SpringBootTestContextBootstrapper - Neither @ContextConfiguration nor @ContextHierarchy found for test class [com.bank.account.service.AccountServiceIntegrationTest], using SpringBootContextLoader
23:51:20.866 [main] DEBUG org.springframework.test.context.support.AbstractContextLoader - Did not detect default resource location for test class [com.bank.account.service.AccountServiceIntegrationTest]: class path resource [com/bank/account/service/AccountServiceIntegrationTest-context.xml] does not exist
23:51:20.866 [main] DEBUG org.springframework.test.context.support.AbstractContextLoader - Did not detect default resource location for test class [com.bank.account.service.AccountServiceIntegrationTest]: class path resource [com/bank/account/service/AccountServiceIntegrationTestContext.groovy] does not exist
23:51:20.866 [main] INFO org.springframework.test.context.support.AbstractContextLoader - Could not detect default resource locations for test class [com.bank.account.service.AccountServiceIntegrationTest]: no resource found for suffixes {-context.xml, Context.groovy}.
23:51:20.866 [main] INFO org.springframework.test.context.support.AnnotationConfigContextLoaderUtils - Could not detect default configuration classes for test class [com.bank.account.service.AccountServiceIntegrationTest]: AccountServiceIntegrationTest does not declare any static, non-private, non-final, nested classes annotated with @Configuration.
23:51:20.912 [main] DEBUG org.springframework.test.context.support.ActiveProfilesUtils - Could not find an 'annotation declaring class' for annotation type [org.springframework.test.context.ActiveProfiles] and class [com.bank.account.service.AccountServiceIntegrationTest]
23:51:20.912 [main] DEBUG org.springframework.core.env.StandardEnvironment - Adding PropertySource 'systemProperties' with lowest search precedence
23:51:20.912 [main] DEBUG org.springframework.core.env.StandardEnvironment - Adding PropertySource 'systemEnvironment' with lowest search precedence
23:51:20.912 [main] DEBUG org.springframework.core.env.StandardEnvironment - Initialized StandardEnvironment with PropertySources [MapPropertySource@1022081840 {name='systemProperties', properties={idea.version=2022.2.2, java.runtime.name=OpenJDK Runtime Environment, sun.boot.library.path=/Users/chengong/Library/Java/JavaVirtualMachines/corretto-1.8.0_362/Contents/Home/jre/lib, java.vm.version=25.362-b08, gopherProxySet=false, java.vm.vendor=Amazon.com Inc., java.vendor.url=https://aws.amazon.com/corretto/, path.separator=:, java.vm.name=OpenJDK 64-Bit Server VM, file.encoding.pkg=sun.io, user.country=CN, sun.java.launcher=SUN_STANDARD, sun.os.patch.level=unknown, java.vm.specification.name=Java Virtual Machine Specification, user.dir=/Users/chengong/IdeaProjects/untitled2, java.runtime.version=1.8.0_362-b08, basedir=/Users/chengong/IdeaProjects/untitled2, java.awt.graphicsenv=sun.awt.CGraphicsEnvironment, java.endorsed.dirs=/Users/chengong/Library/Java/JavaVirtualMachines/corretto-1.8.0_362/Contents/Home/jre/lib/endorsed, os.arch=aarch64, surefire.real.class.path=/Users/chengong/IdeaProjects/untitled2/target/surefire/surefirebooter2002625863625031665.jar, java.io.tmpdir=/var/folders/xm/ps65dhqn7qb2l3cmz84y5bjw0000gn/T/, line.separator=
, java.vm.specification.vendor=Oracle Corporation, os.name=Mac OS X, sun.jnu.encoding=UTF-8, java.library.path=/Users/chengong/Library/Java/Extensions:/Library/Java/Extensions:/Network/Library/Java/Extensions:/System/Library/Java/Extensions:/usr/lib/java:., surefire.test.class.path=/Users/chengong/IdeaProjects/untitled2/target/test-classes:/Users/chengong/IdeaProjects/untitled2/target/classes:/Users/chengong/.m2/repository/org/springframework/boot/spring-boot-starter/1.5.7.RELEASE/spring-boot-starter-1.5.7.RELEASE.jar:/Users/chengong/.m2/repository/org/springframework/boot/spring-boot/1.5.7.RELEASE/spring-boot-1.5.7.RELEASE.jar:/Users/chengong/.m2/repository/org/springframework/spring-context/4.3.11.RELEASE/spring-context-4.3.11.RELEASE.jar:/Users/chengong/.m2/repository/org/springframework/spring-aop/4.3.11.RELEASE/spring-aop-4.3.11.RELEASE.jar:/Users/chengong/.m2/repository/org/springframework/boot/spring-boot-autoconfigure/1.5.7.RELEASE/spring-boot-autoconfigure-1.5.7.RELEASE.jar:/Users/chengong/.m2/repository/org/springframework/boot/spring-boot-starter-logging/1.5.7.RELEASE/spring-boot-starter-logging-1.5.7.RELEASE.jar:/Users/chengong/.m2/repository/ch/qos/logback/logback-classic/1.1.11/logback-classic-1.1.11.jar:/Users/chengong/.m2/repository/ch/qos/logback/logback-core/1.1.11/logback-core-1.1.11.jar:/Users/chengong/.m2/repository/org/slf4j/jcl-over-slf4j/1.7.25/jcl-over-slf4j-1.7.25.jar:/Users/chengong/.m2/repository/org/slf4j/jul-to-slf4j/1.7.25/jul-to-slf4j-1.7.25.jar:/Users/chengong/.m2/repository/org/slf4j/log4j-over-slf4j/1.7.25/log4j-over-slf4j-1.7.25.jar:/Users/chengong/.m2/repository/org/springframework/spring-core/4.3.11.RELEASE/spring-core-4.3.11.RELEASE.jar:/Users/chengong/.m2/repository/org/yaml/snakeyaml/1.17/snakeyaml-1.17.jar:/Users/chengong/.m2/repository/org/springframework/boot/spring-boot-starter-data-mongodb/1.5.7.RELEASE/spring-boot-starter-data-mongodb-1.5.7.RELEASE.jar:/Users/chengong/.m2/repository/org/mongodb/mongodb-driver/3.4.3/mongodb-driver-3.4.3.jar:/Users/chengong/.m2/repository/org/mongodb/mongodb-driver-core/3.4.3/mongodb-driver-core-3.4.3.jar:/Users/chengong/.m2/repository/org/mongodb/bson/3.4.3/bson-3.4.3.jar:/Users/chengong/.m2/repository/org/springframework/data/spring-data-mongodb/1.10.7.RELEASE/spring-data-mongodb-1.10.7.RELEASE.jar:/Users/chengong/.m2/repository/org/springframework/spring-tx/4.3.11.RELEASE/spring-tx-4.3.11.RELEASE.jar:/Users/chengong/.m2/repository/org/springframework/spring-beans/4.3.11.RELEASE/spring-beans-4.3.11.RELEASE.jar:/Users/chengong/.m2/repository/org/springframework/spring-expression/4.3.11.RELEASE/spring-expression-4.3.11.RELEASE.jar:/Users/chengong/.m2/repository/org/springframework/data/spring-data-commons/1.13.7.RELEASE/spring-data-commons-1.13.7.RELEASE.jar:/Users/chengong/.m2/repository/org/slf4j/slf4j-api/1.7.25/slf4j-api-1.7.25.jar:/Users/chengong/.m2/repository/javax/inject/javax.inject/1/javax.inject-1.jar:/Users/chengong/.m2/repository/javax/validation/validation-api/2.0.0.Final/validation-api-2.0.0.Final.jar:/Users/chengong/.m2/repository/javax/persistence/persistence-api/1.0.2/persistence-api-1.0.2.jar:/Users/chengong/.m2/repository/org/apache/commons/commons-lang3/3.6/commons-lang3-3.6.jar:/Users/chengong/.m2/repository/commons-collections/commons-collections/3.2.2/commons-collections-3.2.2.jar:/Users/chengong/.m2/repository/org/hibernate/validator/hibernate-validator/6.0.2.Final/hibernate-validator-6.0.2.Final.jar:/Users/chengong/.m2/repository/org/jboss/logging/jboss-logging/3.3.1.Final/jboss-logging-3.3.1.Final.jar:/Users/chengong/.m2/repository/com/fasterxml/classmate/1.3.4/classmate-1.3.4.jar:/Users/chengong/.m2/repository/org/projectlombok/lombok/1.16.16/lombok-1.16.16.jar:/Users/chengong/.m2/repository/org/glassfish/javax.el/3.0.0/javax.el-3.0.0.jar:/Users/chengong/.m2/repository/org/springframework/boot/spring-boot-starter-test/1.5.7.RELEASE/spring-boot-starter-test-1.5.7.RELEASE.jar:/Users/chengong/.m2/repository/org/springframework/boot/spring-boot-test/1.5.7.RELEASE/spring-boot-test-1.5.7.RELEASE.jar:/Users/chengong/.m2/repository/org/springframework/boot/spring-boot-test-autoconfigure/1.5.7.RELEASE/spring-boot-test-autoconfigure-1.5.7.RELEASE.jar:/Users/chengong/.m2/repository/com/jayway/jsonpath/json-path/2.2.0/json-path-2.2.0.jar:/Users/chengong/.m2/repository/net/minidev/json-smart/2.2.1/json-smart-2.2.1.jar:/Users/chengong/.m2/repository/net/minidev/accessors-smart/1.1/accessors-smart-1.1.jar:/Users/chengong/.m2/repository/org/ow2/asm/asm/5.0.3/asm-5.0.3.jar:/Users/chengong/.m2/repository/junit/junit/4.12/junit-4.12.jar:/Users/chengong/.m2/repository/org/hamcrest/hamcrest-core/1.3/hamcrest-core-1.3.jar:/Users/chengong/.m2/repository/org/hamcrest/hamcrest-library/1.3/hamcrest-library-1.3.jar:/Users/chengong/.m2/repository/org/skyscreamer/jsonassert/1.4.0/jsonassert-1.4.0.jar:/Users/chengong/.m2/repository/com/vaadin/external/google/android-json/0.0.20131108.vaadin1/android-json-0.0.20131108.vaadin1.jar:/Users/chengong/.m2/repository/org/springframework/spring-test/4.3.11.RELEASE/spring-test-4.3.11.RELEASE.jar:/Users/chengong/.m2/repository/org/assertj/assertj-core/3.8.0/assertj-core-3.8.0.jar:/Users/chengong/.m2/repository/org/mockito/mockito-core/2.10.0/mockito-core-2.10.0.jar:/Users/chengong/.m2/repository/net/bytebuddy/byte-buddy/1.7.4/byte-buddy-1.7.4.jar:/Users/chengong/.m2/repository/net/bytebuddy/byte-buddy-agent/1.7.4/byte-buddy-agent-1.7.4.jar:/Users/chengong/.m2/repository/org/objenesis/objenesis/2.6/objenesis-2.6.jar:, java.specification.name=Java Platform API Specification, java.class.version=52.0, sun.management.compiler=HotSpot 64-Bit Tiered Compilers, os.version=13.2.1, http.nonProxyHosts=local|*.local|169.254/16|*.169.254/16, user.home=/Users/chengong, user.timezone=Europe/Paris, java.awt.printerjob=sun.lwawt.macosx.CPrinterJob, file.encoding=UTF-8, java.specification.version=1.8, java.class.path=/Users/chengong/IdeaProjects/untitled2/target/test-classes:/Users/chengong/IdeaProjects/untitled2/target/classes:/Users/chengong/.m2/repository/org/springframework/boot/spring-boot-starter/1.5.7.RELEASE/spring-boot-starter-1.5.7.RELEASE.jar:/Users/chengong/.m2/repository/org/springframework/boot/spring-boot/1.5.7.RELEASE/spring-boot-1.5.7.RELEASE.jar:/Users/chengong/.m2/repository/org/springframework/spring-context/4.3.11.RELEASE/spring-context-4.3.11.RELEASE.jar:/Users/chengong/.m2/repository/org/springframework/spring-aop/4.3.11.RELEASE/spring-aop-4.3.11.RELEASE.jar:/Users/chengong/.m2/repository/org/springframework/boot/spring-boot-autoconfigure/1.5.7.RELEASE/spring-boot-autoconfigure-1.5.7.RELEASE.jar:/Users/chengong/.m2/repository/org/springframework/boot/spring-boot-starter-logging/1.5.7.RELEASE/spring-boot-starter-logging-1.5.7.RELEASE.jar:/Users/chengong/.m2/repository/ch/qos/logback/logback-classic/1.1.11/logback-classic-1.1.11.jar:/Users/chengong/.m2/repository/ch/qos/logback/logback-core/1.1.11/logback-core-1.1.11.jar:/Users/chengong/.m2/repository/org/slf4j/jcl-over-slf4j/1.7.25/jcl-over-slf4j-1.7.25.jar:/Users/chengong/.m2/repository/org/slf4j/jul-to-slf4j/1.7.25/jul-to-slf4j-1.7.25.jar:/Users/chengong/.m2/repository/org/slf4j/log4j-over-slf4j/1.7.25/log4j-over-slf4j-1.7.25.jar:/Users/chengong/.m2/repository/org/springframework/spring-core/4.3.11.RELEASE/spring-core-4.3.11.RELEASE.jar:/Users/chengong/.m2/repository/org/yaml/snakeyaml/1.17/snakeyaml-1.17.jar:/Users/chengong/.m2/repository/org/springframework/boot/spring-boot-starter-data-mongodb/1.5.7.RELEASE/spring-boot-starter-data-mongodb-1.5.7.RELEASE.jar:/Users/chengong/.m2/repository/org/mongodb/mongodb-driver/3.4.3/mongodb-driver-3.4.3.jar:/Users/chengong/.m2/repository/org/mongodb/mongodb-driver-core/3.4.3/mongodb-driver-core-3.4.3.jar:/Users/chengong/.m2/repository/org/mongodb/bson/3.4.3/bson-3.4.3.jar:/Users/chengong/.m2/repository/org/springframework/data/spring-data-mongodb/1.10.7.RELEASE/spring-data-mongodb-1.10.7.RELEASE.jar:/Users/chengong/.m2/repository/org/springframework/spring-tx/4.3.11.RELEASE/spring-tx-4.3.11.RELEASE.jar:/Users/chengong/.m2/repository/org/springframework/spring-beans/4.3.11.RELEASE/spring-beans-4.3.11.RELEASE.jar:/Users/chengong/.m2/repository/org/springframework/spring-expression/4.3.11.RELEASE/spring-expression-4.3.11.RELEASE.jar:/Users/chengong/.m2/repository/org/springframework/data/spring-data-commons/1.13.7.RELEASE/spring-data-commons-1.13.7.RELEASE.jar:/Users/chengong/.m2/repository/org/slf4j/slf4j-api/1.7.25/slf4j-api-1.7.25.jar:/Users/chengong/.m2/repository/javax/inject/javax.inject/1/javax.inject-1.jar:/Users/chengong/.m2/repository/javax/validation/validation-api/2.0.0.Final/validation-api-2.0.0.Final.jar:/Users/chengong/.m2/repository/javax/persistence/persistence-api/1.0.2/persistence-api-1.0.2.jar:/Users/chengong/.m2/repository/org/apache/commons/commons-lang3/3.6/commons-lang3-3.6.jar:/Users/chengong/.m2/repository/commons-collections/commons-collections/3.2.2/commons-collections-3.2.2.jar:/Users/chengong/.m2/repository/org/hibernate/validator/hibernate-validator/6.0.2.Final/hibernate-validator-6.0.2.Final.jar:/Users/chengong/.m2/repository/org/jboss/logging/jboss-logging/3.3.1.Final/jboss-logging-3.3.1.Final.jar:/Users/chengong/.m2/repository/com/fasterxml/classmate/1.3.4/classmate-1.3.4.jar:/Users/chengong/.m2/repository/org/projectlombok/lombok/1.16.16/lombok-1.16.16.jar:/Users/chengong/.m2/repository/org/glassfish/javax.el/3.0.0/javax.el-3.0.0.jar:/Users/chengong/.m2/repository/org/springframework/boot/spring-boot-starter-test/1.5.7.RELEASE/spring-boot-starter-test-1.5.7.RELEASE.jar:/Users/chengong/.m2/repository/org/springframework/boot/spring-boot-test/1.5.7.RELEASE/spring-boot-test-1.5.7.RELEASE.jar:/Users/chengong/.m2/repository/org/springframework/boot/spring-boot-test-autoconfigure/1.5.7.RELEASE/spring-boot-test-autoconfigure-1.5.7.RELEASE.jar:/Users/chengong/.m2/repository/com/jayway/jsonpath/json-path/2.2.0/json-path-2.2.0.jar:/Users/chengong/.m2/repository/net/minidev/json-smart/2.2.1/json-smart-2.2.1.jar:/Users/chengong/.m2/repository/net/minidev/accessors-smart/1.1/accessors-smart-1.1.jar:/Users/chengong/.m2/repository/org/ow2/asm/asm/5.0.3/asm-5.0.3.jar:/Users/chengong/.m2/repository/junit/junit/4.12/junit-4.12.jar:/Users/chengong/.m2/repository/org/hamcrest/hamcrest-core/1.3/hamcrest-core-1.3.jar:/Users/chengong/.m2/repository/org/hamcrest/hamcrest-library/1.3/hamcrest-library-1.3.jar:/Users/chengong/.m2/repository/org/skyscreamer/jsonassert/1.4.0/jsonassert-1.4.0.jar:/Users/chengong/.m2/repository/com/vaadin/external/google/android-json/0.0.20131108.vaadin1/android-json-0.0.20131108.vaadin1.jar:/Users/chengong/.m2/repository/org/springframework/spring-test/4.3.11.RELEASE/spring-test-4.3.11.RELEASE.jar:/Users/chengong/.m2/repository/org/assertj/assertj-core/3.8.0/assertj-core-3.8.0.jar:/Users/chengong/.m2/repository/org/mockito/mockito-core/2.10.0/mockito-core-2.10.0.jar:/Users/chengong/.m2/repository/net/bytebuddy/byte-buddy/1.7.4/byte-buddy-1.7.4.jar:/Users/chengong/.m2/repository/net/bytebuddy/byte-buddy-agent/1.7.4/byte-buddy-agent-1.7.4.jar:/Users/chengong/.m2/repository/org/objenesis/objenesis/2.6/objenesis-2.6.jar:, user.name=chengong, java.vm.specification.version=1.8, sun.java.command=/Users/chengong/IdeaProjects/untitled2/target/surefire/surefirebooter2002625863625031665.jar /Users/chengong/IdeaProjects/untitled2/target/surefire/surefire1676131753318224588tmp /Users/chengong/IdeaProjects/untitled2/target/surefire/surefire_06523962741063772783tmp, java.home=/Users/chengong/Library/Java/JavaVirtualMachines/corretto-1.8.0_362/Contents/Home/jre, sun.arch.data.model=64, user.language=zh, java.specification.vendor=Oracle Corporation, awt.toolkit=sun.lwawt.macosx.LWCToolkit, java.vm.info=mixed mode, java.version=1.8.0_362, java.ext.dirs=/Users/chengong/Library/Java/Extensions:/Users/chengong/Library/Java/JavaVirtualMachines/corretto-1.8.0_362/Contents/Home/jre/lib/ext:/Library/Java/Extensions:/Network/Library/Java/Extensions:/System/Library/Java/Extensions:/usr/lib/java, sun.boot.class.path=/Users/chengong/Library/Java/JavaVirtualMachines/corretto-1.8.0_362/Contents/Home/jre/lib/resources.jar:/Users/chengong/Library/Java/JavaVirtualMachines/corretto-1.8.0_362/Contents/Home/jre/lib/rt.jar:/Users/chengong/Library/Java/JavaVirtualMachines/corretto-1.8.0_362/Contents/Home/jre/lib/sunrsasign.jar:/Users/chengong/Library/Java/JavaVirtualMachines/corretto-1.8.0_362/Contents/Home/jre/lib/jsse.jar:/Users/chengong/Library/Java/JavaVirtualMachines/corretto-1.8.0_362/Contents/Home/jre/lib/jce.jar:/Users/chengong/Library/Java/JavaVirtualMachines/corretto-1.8.0_362/Contents/Home/jre/lib/charsets.jar:/Users/chengong/Library/Java/JavaVirtualMachines/corretto-1.8.0_362/Contents/Home/jre/lib/jfr.jar:/Users/chengong/Library/Java/JavaVirtualMachines/corretto-1.8.0_362/Contents/Home/jre/classes, java.vendor=Amazon.com Inc., java.specification.maintenance.version=4, localRepository=/Users/chengong/.m2/repository, file.separator=/, java.vendor.url.bug=https://github.com/corretto/corretto-8/issues/, sun.io.unicode.encoding=UnicodeBig, sun.cpu.endian=little, socksNonProxyHosts=local|*.local|169.254/16|*.169.254/16, ftp.nonProxyHosts=local|*.local|169.254/16|*.169.254/16, sun.cpu.isalist=}}, SystemEnvironmentPropertySource@313239742 {name='systemEnvironment', properties={__CFBundleIdentifier=com.jetbrains.intellij.ie, PATH=/usr/local/bin:/System/Cryptexes/App/usr/bin:/usr/bin:/bin:/usr/sbin:/sbin:/Library/Apple/usr/bin, SHELL=/bin/zsh, JAVA_HOME=/Library/Java/JavaVirtualMachines/jdk-19.jdk/Contents/Home, OLDPWD=/Users/chengong/IdeaProjects/untitled2, USER=chengong, COMMAND_MODE=unix2003, TMPDIR=/var/folders/xm/ps65dhqn7qb2l3cmz84y5bjw0000gn/T/, JAVA_MAIN_CLASS_1735=org.apache.maven.surefire.booter.ForkedBooter, SSH_AUTH_SOCK=/private/tmp/com.apple.launchd.nwnfRSPvas/Listeners, XPC_FLAGS=0x0, __CF_USER_TEXT_ENCODING=0x1F5:0x19:0x34, LOGNAME=chengong, LC_CTYPE=en_US.UTF-8, XPC_SERVICE_NAME=0, PWD=/Users/chengong/IdeaProjects/untitled2, HOME=/Users/chengong, SHLVL=1, _=/Users/chengong/Library/Java/JavaVirtualMachines/corretto-1.8.0_362/Contents/Home/jre/bin/java, JAVA_MAIN_CLASS_1733=org.codehaus.classworlds.Launcher}}]
23:51:20.912 [main] INFO org.springframework.boot.test.context.SpringBootTestContextBootstrapper - Found @SpringBootConfiguration com.bank.account.Application for test class com.bank.account.service.AccountServiceIntegrationTest
23:51:20.913 [main] DEBUG org.springframework.boot.test.context.SpringBootTestContextBootstrapper - @TestExecutionListeners is not present for class [com.bank.account.service.AccountServiceIntegrationTest]: using defaults.
23:51:20.914 [main] INFO org.springframework.boot.test.context.SpringBootTestContextBootstrapper - Loaded default TestExecutionListener class names from location [META-INF/spring.factories]: [org.springframework.boot.test.mock.mockito.MockitoTestExecutionListener, org.springframework.boot.test.mock.mockito.ResetMocksTestExecutionListener, org.springframework.boot.test.autoconfigure.restdocs.RestDocsTestExecutionListener, org.springframework.boot.test.autoconfigure.web.client.MockRestServiceServerResetTestExecutionListener, org.springframework.boot.test.autoconfigure.web.servlet.MockMvcPrintOnlyOnFailureTestExecutionListener, org.springframework.boot.test.autoconfigure.web.servlet.WebDriverTestExecutionListener, org.springframework.test.context.web.ServletTestExecutionListener, org.springframework.test.context.support.DirtiesContextBeforeModesTestExecutionListener, org.springframework.test.context.support.DependencyInjectionTestExecutionListener, org.springframework.test.context.support.DirtiesContextTestExecutionListener, org.springframework.test.context.transaction.TransactionalTestExecutionListener, org.springframework.test.context.jdbc.SqlScriptsTestExecutionListener]
23:51:20.915 [main] INFO org.springframework.boot.test.context.SpringBootTestContextBootstrapper - Could not instantiate TestExecutionListener [org.springframework.test.context.web.ServletTestExecutionListener]. Specify custom listener classes or make the default listener classes (and their required dependencies) available. Offending class: [javax/servlet/ServletContext]
23:51:20.915 [main] INFO org.springframework.boot.test.context.SpringBootTestContextBootstrapper - Using TestExecutionListeners: [org.springframework.test.context.support.DirtiesContextBeforeModesTestExecutionListener@242b836, org.springframework.boot.test.autoconfigure.SpringBootDependencyInjectionTestExecutionListener@3f6f6701, org.springframework.test.context.support.DirtiesContextTestExecutionListener@3527942a, org.springframework.test.context.transaction.TransactionalTestExecutionListener@942a29c, org.springframework.test.context.jdbc.SqlScriptsTestExecutionListener@1ed6388a, org.springframework.boot.test.autoconfigure.web.servlet.WebDriverTestExecutionListener@5a45133e, org.springframework.boot.test.mock.mockito.MockitoTestExecutionListener@534a5a98, org.springframework.boot.test.autoconfigure.web.client.MockRestServiceServerResetTestExecutionListener@4f80542f, org.springframework.boot.test.autoconfigure.restdocs.RestDocsTestExecutionListener@60bd273d, org.springframework.boot.test.autoconfigure.web.servlet.MockMvcPrintOnlyOnFailureTestExecutionListener@121314f7, org.springframework.boot.test.mock.mockito.ResetMocksTestExecutionListener@130c12b7]
23:51:20.915 [main] DEBUG org.springframework.test.annotation.ProfileValueUtils - Retrieved @ProfileValueSourceConfiguration [null] for test class [com.bank.account.service.AccountServiceIntegrationTest]
23:51:20.915 [main] DEBUG org.springframework.test.annotation.ProfileValueUtils - Retrieved ProfileValueSource type [class org.springframework.test.annotation.SystemProfileValueSource] for class [com.bank.account.service.AccountServiceIntegrationTest]
23:51:20.915 [main] DEBUG org.springframework.test.annotation.ProfileValueUtils - Retrieved @ProfileValueSourceConfiguration [null] for test class [com.bank.account.service.AccountServiceIntegrationTest]
23:51:20.915 [main] DEBUG org.springframework.test.annotation.ProfileValueUtils - Retrieved ProfileValueSource type [class org.springframework.test.annotation.SystemProfileValueSource] for class [com.bank.account.service.AccountServiceIntegrationTest]
23:51:20.915 [main] DEBUG org.springframework.test.context.support.AbstractDirtiesContextTestExecutionListener - Before test class: context [DefaultTestContext@5e600dd5 testClass = AccountServiceIntegrationTest, testInstance = [null], testMethod = [null], testException = [null], mergedContextConfiguration = [MergedContextConfiguration@576d5deb testClass = AccountServiceIntegrationTest, locations = '{}', classes = '{class com.bank.account.Application}', contextInitializerClasses = '[]', activeProfiles = '{}', propertySourceLocations = '{classpath:/application.properties}', propertySourceProperties = '{org.springframework.boot.test.context.SpringBootTestContextBootstrapper=true}', contextCustomizers = set[org.springframework.boot.test.context.SpringBootTestContextCustomizer@78c03f1f, org.springframework.boot.test.context.filter.ExcludeFilterContextCustomizer@5383967b, org.springframework.boot.test.json.DuplicateJsonObjectContextCustomizerFactory$DuplicateJsonObjectContextCustomizer@20398b7c, org.springframework.boot.test.mock.mockito.MockitoContextCustomizer@0, org.springframework.boot.test.autoconfigure.properties.PropertyMappingContextCustomizer@0, org.springframework.boot.test.autoconfigure.web.servlet.WebDriverContextCustomizerFactory$Customizer@887af79], contextLoader = 'org.springframework.boot.test.context.SpringBootContextLoader', parent = [null]]], class annotated with @DirtiesContext [false] with mode [null].
23:51:20.915 [main] DEBUG org.springframework.test.annotation.ProfileValueUtils - Retrieved @ProfileValueSourceConfiguration [null] for test class [com.bank.account.service.AccountServiceIntegrationTest]
23:51:20.915 [main] DEBUG org.springframework.test.annotation.ProfileValueUtils - Retrieved ProfileValueSource type [class org.springframework.test.annotation.SystemProfileValueSource] for class [com.bank.account.service.AccountServiceIntegrationTest]
23:51:20.915 [main] DEBUG org.springframework.test.context.support.DependencyInjectionTestExecutionListener - Performing dependency injection for test context [[DefaultTestContext@5e600dd5 testClass = AccountServiceIntegrationTest, testInstance = com.bank.account.service.AccountServiceIntegrationTest@5d534f5d, testMethod = [null], testException = [null], mergedContextConfiguration = [MergedContextConfiguration@576d5deb testClass = AccountServiceIntegrationTest, locations = '{}', classes = '{class com.bank.account.Application}', contextInitializerClasses = '[]', activeProfiles = '{}', propertySourceLocations = '{classpath:/application.properties}', propertySourceProperties = '{org.springframework.boot.test.context.SpringBootTestContextBootstrapper=true}', contextCustomizers = set[org.springframework.boot.test.context.SpringBootTestContextCustomizer@78c03f1f, org.springframework.boot.test.context.filter.ExcludeFilterContextCustomizer@5383967b, org.springframework.boot.test.json.DuplicateJsonObjectContextCustomizerFactory$DuplicateJsonObjectContextCustomizer@20398b7c, org.springframework.boot.test.mock.mockito.MockitoContextCustomizer@0, org.springframework.boot.test.autoconfigure.properties.PropertyMappingContextCustomizer@0, org.springframework.boot.test.autoconfigure.web.servlet.WebDriverContextCustomizerFactory$Customizer@887af79], contextLoader = 'org.springframework.boot.test.context.SpringBootContextLoader', parent = [null]]]].
23:51:20.918 [main] DEBUG org.springframework.core.env.StandardEnvironment - Adding PropertySource 'systemProperties' with lowest search precedence
23:51:20.918 [main] DEBUG org.springframework.core.env.StandardEnvironment - Adding PropertySource 'systemEnvironment' with lowest search precedence
23:51:20.919 [main] DEBUG org.springframework.core.env.StandardEnvironment - Initialized StandardEnvironment with PropertySources [MapPropertySource@14183023 {name='systemProperties', properties={idea.version=2022.2.2, java.runtime.name=OpenJDK Runtime Environment, sun.boot.library.path=/Users/chengong/Library/Java/JavaVirtualMachines/corretto-1.8.0_362/Contents/Home/jre/lib, java.vm.version=25.362-b08, gopherProxySet=false, java.vm.vendor=Amazon.com Inc., java.vendor.url=https://aws.amazon.com/corretto/, path.separator=:, java.vm.name=OpenJDK 64-Bit Server VM, file.encoding.pkg=sun.io, user.country=CN, sun.java.launcher=SUN_STANDARD, sun.os.patch.level=unknown, java.vm.specification.name=Java Virtual Machine Specification, user.dir=/Users/chengong/IdeaProjects/untitled2, java.runtime.version=1.8.0_362-b08, basedir=/Users/chengong/IdeaProjects/untitled2, java.awt.graphicsenv=sun.awt.CGraphicsEnvironment, java.endorsed.dirs=/Users/chengong/Library/Java/JavaVirtualMachines/corretto-1.8.0_362/Contents/Home/jre/lib/endorsed, os.arch=aarch64, surefire.real.class.path=/Users/chengong/IdeaProjects/untitled2/target/surefire/surefirebooter2002625863625031665.jar, java.io.tmpdir=/var/folders/xm/ps65dhqn7qb2l3cmz84y5bjw0000gn/T/, line.separator=
, java.vm.specification.vendor=Oracle Corporation, os.name=Mac OS X, sun.jnu.encoding=UTF-8, java.library.path=/Users/chengong/Library/Java/Extensions:/Library/Java/Extensions:/Network/Library/Java/Extensions:/System/Library/Java/Extensions:/usr/lib/java:., surefire.test.class.path=/Users/chengong/IdeaProjects/untitled2/target/test-classes:/Users/chengong/IdeaProjects/untitled2/target/classes:/Users/chengong/.m2/repository/org/springframework/boot/spring-boot-starter/1.5.7.RELEASE/spring-boot-starter-1.5.7.RELEASE.jar:/Users/chengong/.m2/repository/org/springframework/boot/spring-boot/1.5.7.RELEASE/spring-boot-1.5.7.RELEASE.jar:/Users/chengong/.m2/repository/org/springframework/spring-context/4.3.11.RELEASE/spring-context-4.3.11.RELEASE.jar:/Users/chengong/.m2/repository/org/springframework/spring-aop/4.3.11.RELEASE/spring-aop-4.3.11.RELEASE.jar:/Users/chengong/.m2/repository/org/springframework/boot/spring-boot-autoconfigure/1.5.7.RELEASE/spring-boot-autoconfigure-1.5.7.RELEASE.jar:/Users/chengong/.m2/repository/org/springframework/boot/spring-boot-starter-logging/1.5.7.RELEASE/spring-boot-starter-logging-1.5.7.RELEASE.jar:/Users/chengong/.m2/repository/ch/qos/logback/logback-classic/1.1.11/logback-classic-1.1.11.jar:/Users/chengong/.m2/repository/ch/qos/logback/logback-core/1.1.11/logback-core-1.1.11.jar:/Users/chengong/.m2/repository/org/slf4j/jcl-over-slf4j/1.7.25/jcl-over-slf4j-1.7.25.jar:/Users/chengong/.m2/repository/org/slf4j/jul-to-slf4j/1.7.25/jul-to-slf4j-1.7.25.jar:/Users/chengong/.m2/repository/org/slf4j/log4j-over-slf4j/1.7.25/log4j-over-slf4j-1.7.25.jar:/Users/chengong/.m2/repository/org/springframework/spring-core/4.3.11.RELEASE/spring-core-4.3.11.RELEASE.jar:/Users/chengong/.m2/repository/org/yaml/snakeyaml/1.17/snakeyaml-1.17.jar:/Users/chengong/.m2/repository/org/springframework/boot/spring-boot-starter-data-mongodb/1.5.7.RELEASE/spring-boot-starter-data-mongodb-1.5.7.RELEASE.jar:/Users/chengong/.m2/repository/org/mongodb/mongodb-driver/3.4.3/mongodb-driver-3.4.3.jar:/Users/chengong/.m2/repository/org/mongodb/mongodb-driver-core/3.4.3/mongodb-driver-core-3.4.3.jar:/Users/chengong/.m2/repository/org/mongodb/bson/3.4.3/bson-3.4.3.jar:/Users/chengong/.m2/repository/org/springframework/data/spring-data-mongodb/1.10.7.RELEASE/spring-data-mongodb-1.10.7.RELEASE.jar:/Users/chengong/.m2/repository/org/springframework/spring-tx/4.3.11.RELEASE/spring-tx-4.3.11.RELEASE.jar:/Users/chengong/.m2/repository/org/springframework/spring-beans/4.3.11.RELEASE/spring-beans-4.3.11.RELEASE.jar:/Users/chengong/.m2/repository/org/springframework/spring-expression/4.3.11.RELEASE/spring-expression-4.3.11.RELEASE.jar:/Users/chengong/.m2/repository/org/springframework/data/spring-data-commons/1.13.7.RELEASE/spring-data-commons-1.13.7.RELEASE.jar:/Users/chengong/.m2/repository/org/slf4j/slf4j-api/1.7.25/slf4j-api-1.7.25.jar:/Users/chengong/.m2/repository/javax/inject/javax.inject/1/javax.inject-1.jar:/Users/chengong/.m2/repository/javax/validation/validation-api/2.0.0.Final/validation-api-2.0.0.Final.jar:/Users/chengong/.m2/repository/javax/persistence/persistence-api/1.0.2/persistence-api-1.0.2.jar:/Users/chengong/.m2/repository/org/apache/commons/commons-lang3/3.6/commons-lang3-3.6.jar:/Users/chengong/.m2/repository/commons-collections/commons-collections/3.2.2/commons-collections-3.2.2.jar:/Users/chengong/.m2/repository/org/hibernate/validator/hibernate-validator/6.0.2.Final/hibernate-validator-6.0.2.Final.jar:/Users/chengong/.m2/repository/org/jboss/logging/jboss-logging/3.3.1.Final/jboss-logging-3.3.1.Final.jar:/Users/chengong/.m2/repository/com/fasterxml/classmate/1.3.4/classmate-1.3.4.jar:/Users/chengong/.m2/repository/org/projectlombok/lombok/1.16.16/lombok-1.16.16.jar:/Users/chengong/.m2/repository/org/glassfish/javax.el/3.0.0/javax.el-3.0.0.jar:/Users/chengong/.m2/repository/org/springframework/boot/spring-boot-starter-test/1.5.7.RELEASE/spring-boot-starter-test-1.5.7.RELEASE.jar:/Users/chengong/.m2/repository/org/springframework/boot/spring-boot-test/1.5.7.RELEASE/spring-boot-test-1.5.7.RELEASE.jar:/Users/chengong/.m2/repository/org/springframework/boot/spring-boot-test-autoconfigure/1.5.7.RELEASE/spring-boot-test-autoconfigure-1.5.7.RELEASE.jar:/Users/chengong/.m2/repository/com/jayway/jsonpath/json-path/2.2.0/json-path-2.2.0.jar:/Users/chengong/.m2/repository/net/minidev/json-smart/2.2.1/json-smart-2.2.1.jar:/Users/chengong/.m2/repository/net/minidev/accessors-smart/1.1/accessors-smart-1.1.jar:/Users/chengong/.m2/repository/org/ow2/asm/asm/5.0.3/asm-5.0.3.jar:/Users/chengong/.m2/repository/junit/junit/4.12/junit-4.12.jar:/Users/chengong/.m2/repository/org/hamcrest/hamcrest-core/1.3/hamcrest-core-1.3.jar:/Users/chengong/.m2/repository/org/hamcrest/hamcrest-library/1.3/hamcrest-library-1.3.jar:/Users/chengong/.m2/repository/org/skyscreamer/jsonassert/1.4.0/jsonassert-1.4.0.jar:/Users/chengong/.m2/repository/com/vaadin/external/google/android-json/0.0.20131108.vaadin1/android-json-0.0.20131108.vaadin1.jar:/Users/chengong/.m2/repository/org/springframework/spring-test/4.3.11.RELEASE/spring-test-4.3.11.RELEASE.jar:/Users/chengong/.m2/repository/org/assertj/assertj-core/3.8.0/assertj-core-3.8.0.jar:/Users/chengong/.m2/repository/org/mockito/mockito-core/2.10.0/mockito-core-2.10.0.jar:/Users/chengong/.m2/repository/net/bytebuddy/byte-buddy/1.7.4/byte-buddy-1.7.4.jar:/Users/chengong/.m2/repository/net/bytebuddy/byte-buddy-agent/1.7.4/byte-buddy-agent-1.7.4.jar:/Users/chengong/.m2/repository/org/objenesis/objenesis/2.6/objenesis-2.6.jar:, java.specification.name=Java Platform API Specification, java.class.version=52.0, sun.management.compiler=HotSpot 64-Bit Tiered Compilers, os.version=13.2.1, http.nonProxyHosts=local|*.local|169.254/16|*.169.254/16, user.home=/Users/chengong, user.timezone=Europe/Paris, java.awt.printerjob=sun.lwawt.macosx.CPrinterJob, file.encoding=UTF-8, java.specification.version=1.8, java.class.path=/Users/chengong/IdeaProjects/untitled2/target/test-classes:/Users/chengong/IdeaProjects/untitled2/target/classes:/Users/chengong/.m2/repository/org/springframework/boot/spring-boot-starter/1.5.7.RELEASE/spring-boot-starter-1.5.7.RELEASE.jar:/Users/chengong/.m2/repository/org/springframework/boot/spring-boot/1.5.7.RELEASE/spring-boot-1.5.7.RELEASE.jar:/Users/chengong/.m2/repository/org/springframework/spring-context/4.3.11.RELEASE/spring-context-4.3.11.RELEASE.jar:/Users/chengong/.m2/repository/org/springframework/spring-aop/4.3.11.RELEASE/spring-aop-4.3.11.RELEASE.jar:/Users/chengong/.m2/repository/org/springframework/boot/spring-boot-autoconfigure/1.5.7.RELEASE/spring-boot-autoconfigure-1.5.7.RELEASE.jar:/Users/chengong/.m2/repository/org/springframework/boot/spring-boot-starter-logging/1.5.7.RELEASE/spring-boot-starter-logging-1.5.7.RELEASE.jar:/Users/chengong/.m2/repository/ch/qos/logback/logback-classic/1.1.11/logback-classic-1.1.11.jar:/Users/chengong/.m2/repository/ch/qos/logback/logback-core/1.1.11/logback-core-1.1.11.jar:/Users/chengong/.m2/repository/org/slf4j/jcl-over-slf4j/1.7.25/jcl-over-slf4j-1.7.25.jar:/Users/chengong/.m2/repository/org/slf4j/jul-to-slf4j/1.7.25/jul-to-slf4j-1.7.25.jar:/Users/chengong/.m2/repository/org/slf4j/log4j-over-slf4j/1.7.25/log4j-over-slf4j-1.7.25.jar:/Users/chengong/.m2/repository/org/springframework/spring-core/4.3.11.RELEASE/spring-core-4.3.11.RELEASE.jar:/Users/chengong/.m2/repository/org/yaml/snakeyaml/1.17/snakeyaml-1.17.jar:/Users/chengong/.m2/repository/org/springframework/boot/spring-boot-starter-data-mongodb/1.5.7.RELEASE/spring-boot-starter-data-mongodb-1.5.7.RELEASE.jar:/Users/chengong/.m2/repository/org/mongodb/mongodb-driver/3.4.3/mongodb-driver-3.4.3.jar:/Users/chengong/.m2/repository/org/mongodb/mongodb-driver-core/3.4.3/mongodb-driver-core-3.4.3.jar:/Users/chengong/.m2/repository/org/mongodb/bson/3.4.3/bson-3.4.3.jar:/Users/chengong/.m2/repository/org/springframework/data/spring-data-mongodb/1.10.7.RELEASE/spring-data-mongodb-1.10.7.RELEASE.jar:/Users/chengong/.m2/repository/org/springframework/spring-tx/4.3.11.RELEASE/spring-tx-4.3.11.RELEASE.jar:/Users/chengong/.m2/repository/org/springframework/spring-beans/4.3.11.RELEASE/spring-beans-4.3.11.RELEASE.jar:/Users/chengong/.m2/repository/org/springframework/spring-expression/4.3.11.RELEASE/spring-expression-4.3.11.RELEASE.jar:/Users/chengong/.m2/repository/org/springframework/data/spring-data-commons/1.13.7.RELEASE/spring-data-commons-1.13.7.RELEASE.jar:/Users/chengong/.m2/repository/org/slf4j/slf4j-api/1.7.25/slf4j-api-1.7.25.jar:/Users/chengong/.m2/repository/javax/inject/javax.inject/1/javax.inject-1.jar:/Users/chengong/.m2/repository/javax/validation/validation-api/2.0.0.Final/validation-api-2.0.0.Final.jar:/Users/chengong/.m2/repository/javax/persistence/persistence-api/1.0.2/persistence-api-1.0.2.jar:/Users/chengong/.m2/repository/org/apache/commons/commons-lang3/3.6/commons-lang3-3.6.jar:/Users/chengong/.m2/repository/commons-collections/commons-collections/3.2.2/commons-collections-3.2.2.jar:/Users/chengong/.m2/repository/org/hibernate/validator/hibernate-validator/6.0.2.Final/hibernate-validator-6.0.2.Final.jar:/Users/chengong/.m2/repository/org/jboss/logging/jboss-logging/3.3.1.Final/jboss-logging-3.3.1.Final.jar:/Users/chengong/.m2/repository/com/fasterxml/classmate/1.3.4/classmate-1.3.4.jar:/Users/chengong/.m2/repository/org/projectlombok/lombok/1.16.16/lombok-1.16.16.jar:/Users/chengong/.m2/repository/org/glassfish/javax.el/3.0.0/javax.el-3.0.0.jar:/Users/chengong/.m2/repository/org/springframework/boot/spring-boot-starter-test/1.5.7.RELEASE/spring-boot-starter-test-1.5.7.RELEASE.jar:/Users/chengong/.m2/repository/org/springframework/boot/spring-boot-test/1.5.7.RELEASE/spring-boot-test-1.5.7.RELEASE.jar:/Users/chengong/.m2/repository/org/springframework/boot/spring-boot-test-autoconfigure/1.5.7.RELEASE/spring-boot-test-autoconfigure-1.5.7.RELEASE.jar:/Users/chengong/.m2/repository/com/jayway/jsonpath/json-path/2.2.0/json-path-2.2.0.jar:/Users/chengong/.m2/repository/net/minidev/json-smart/2.2.1/json-smart-2.2.1.jar:/Users/chengong/.m2/repository/net/minidev/accessors-smart/1.1/accessors-smart-1.1.jar:/Users/chengong/.m2/repository/org/ow2/asm/asm/5.0.3/asm-5.0.3.jar:/Users/chengong/.m2/repository/junit/junit/4.12/junit-4.12.jar:/Users/chengong/.m2/repository/org/hamcrest/hamcrest-core/1.3/hamcrest-core-1.3.jar:/Users/chengong/.m2/repository/org/hamcrest/hamcrest-library/1.3/hamcrest-library-1.3.jar:/Users/chengong/.m2/repository/org/skyscreamer/jsonassert/1.4.0/jsonassert-1.4.0.jar:/Users/chengong/.m2/repository/com/vaadin/external/google/android-json/0.0.20131108.vaadin1/android-json-0.0.20131108.vaadin1.jar:/Users/chengong/.m2/repository/org/springframework/spring-test/4.3.11.RELEASE/spring-test-4.3.11.RELEASE.jar:/Users/chengong/.m2/repository/org/assertj/assertj-core/3.8.0/assertj-core-3.8.0.jar:/Users/chengong/.m2/repository/org/mockito/mockito-core/2.10.0/mockito-core-2.10.0.jar:/Users/chengong/.m2/repository/net/bytebuddy/byte-buddy/1.7.4/byte-buddy-1.7.4.jar:/Users/chengong/.m2/repository/net/bytebuddy/byte-buddy-agent/1.7.4/byte-buddy-agent-1.7.4.jar:/Users/chengong/.m2/repository/org/objenesis/objenesis/2.6/objenesis-2.6.jar:, user.name=chengong, java.vm.specification.version=1.8, sun.java.command=/Users/chengong/IdeaProjects/untitled2/target/surefire/surefirebooter2002625863625031665.jar /Users/chengong/IdeaProjects/untitled2/target/surefire/surefire1676131753318224588tmp /Users/chengong/IdeaProjects/untitled2/target/surefire/surefire_06523962741063772783tmp, java.home=/Users/chengong/Library/Java/JavaVirtualMachines/corretto-1.8.0_362/Contents/Home/jre, sun.arch.data.model=64, user.language=zh, java.specification.vendor=Oracle Corporation, awt.toolkit=sun.lwawt.macosx.LWCToolkit, java.vm.info=mixed mode, java.version=1.8.0_362, java.ext.dirs=/Users/chengong/Library/Java/Extensions:/Users/chengong/Library/Java/JavaVirtualMachines/corretto-1.8.0_362/Contents/Home/jre/lib/ext:/Library/Java/Extensions:/Network/Library/Java/Extensions:/System/Library/Java/Extensions:/usr/lib/java, sun.boot.class.path=/Users/chengong/Library/Java/JavaVirtualMachines/corretto-1.8.0_362/Contents/Home/jre/lib/resources.jar:/Users/chengong/Library/Java/JavaVirtualMachines/corretto-1.8.0_362/Contents/Home/jre/lib/rt.jar:/Users/chengong/Library/Java/JavaVirtualMachines/corretto-1.8.0_362/Contents/Home/jre/lib/sunrsasign.jar:/Users/chengong/Library/Java/JavaVirtualMachines/corretto-1.8.0_362/Contents/Home/jre/lib/jsse.jar:/Users/chengong/Library/Java/JavaVirtualMachines/corretto-1.8.0_362/Contents/Home/jre/lib/jce.jar:/Users/chengong/Library/Java/JavaVirtualMachines/corretto-1.8.0_362/Contents/Home/jre/lib/charsets.jar:/Users/chengong/Library/Java/JavaVirtualMachines/corretto-1.8.0_362/Contents/Home/jre/lib/jfr.jar:/Users/chengong/Library/Java/JavaVirtualMachines/corretto-1.8.0_362/Contents/Home/jre/classes, java.vendor=Amazon.com Inc., java.specification.maintenance.version=4, localRepository=/Users/chengong/.m2/repository, file.separator=/, java.vendor.url.bug=https://github.com/corretto/corretto-8/issues/, sun.io.unicode.encoding=UnicodeBig, sun.cpu.endian=little, socksNonProxyHosts=local|*.local|169.254/16|*.169.254/16, ftp.nonProxyHosts=local|*.local|169.254/16|*.169.254/16, sun.cpu.isalist=}}, SystemEnvironmentPropertySource@42544488 {name='systemEnvironment', properties={__CFBundleIdentifier=com.jetbrains.intellij.ie, PATH=/usr/local/bin:/System/Cryptexes/App/usr/bin:/usr/bin:/bin:/usr/sbin:/sbin:/Library/Apple/usr/bin, SHELL=/bin/zsh, JAVA_HOME=/Library/Java/JavaVirtualMachines/jdk-19.jdk/Contents/Home, OLDPWD=/Users/chengong/IdeaProjects/untitled2, USER=chengong, COMMAND_MODE=unix2003, TMPDIR=/var/folders/xm/ps65dhqn7qb2l3cmz84y5bjw0000gn/T/, JAVA_MAIN_CLASS_1735=org.apache.maven.surefire.booter.ForkedBooter, SSH_AUTH_SOCK=/private/tmp/com.apple.launchd.nwnfRSPvas/Listeners, XPC_FLAGS=0x0, __CF_USER_TEXT_ENCODING=0x1F5:0x19:0x34, LOGNAME=chengong, LC_CTYPE=en_US.UTF-8, XPC_SERVICE_NAME=0, PWD=/Users/chengong/IdeaProjects/untitled2, HOME=/Users/chengong, SHLVL=1, _=/Users/chengong/Library/Java/JavaVirtualMachines/corretto-1.8.0_362/Contents/Home/jre/bin/java, JAVA_MAIN_CLASS_1733=org.codehaus.classworlds.Launcher}}]
23:51:20.921 [main] DEBUG org.springframework.core.env.StandardEnvironment - Adding PropertySource 'systemProperties' with lowest search precedence
23:51:20.921 [main] DEBUG org.springframework.core.env.StandardEnvironment - Adding PropertySource 'systemEnvironment' with lowest search precedence
23:51:20.921 [main] DEBUG org.springframework.core.env.StandardEnvironment - Initialized StandardEnvironment with PropertySources [MapPropertySource@2034182655 {name='systemProperties', properties={idea.version=2022.2.2, java.runtime.name=OpenJDK Runtime Environment, sun.boot.library.path=/Users/chengong/Library/Java/JavaVirtualMachines/corretto-1.8.0_362/Contents/Home/jre/lib, java.vm.version=25.362-b08, gopherProxySet=false, java.vm.vendor=Amazon.com Inc., java.vendor.url=https://aws.amazon.com/corretto/, path.separator=:, java.vm.name=OpenJDK 64-Bit Server VM, file.encoding.pkg=sun.io, user.country=CN, sun.java.launcher=SUN_STANDARD, sun.os.patch.level=unknown, java.vm.specification.name=Java Virtual Machine Specification, user.dir=/Users/chengong/IdeaProjects/untitled2, java.runtime.version=1.8.0_362-b08, basedir=/Users/chengong/IdeaProjects/untitled2, java.awt.graphicsenv=sun.awt.CGraphicsEnvironment, java.endorsed.dirs=/Users/chengong/Library/Java/JavaVirtualMachines/corretto-1.8.0_362/Contents/Home/jre/lib/endorsed, os.arch=aarch64, surefire.real.class.path=/Users/chengong/IdeaProjects/untitled2/target/surefire/surefirebooter2002625863625031665.jar, java.io.tmpdir=/var/folders/xm/ps65dhqn7qb2l3cmz84y5bjw0000gn/T/, line.separator=
, java.vm.specification.vendor=Oracle Corporation, os.name=Mac OS X, sun.jnu.encoding=UTF-8, java.library.path=/Users/chengong/Library/Java/Extensions:/Library/Java/Extensions:/Network/Library/Java/Extensions:/System/Library/Java/Extensions:/usr/lib/java:., surefire.test.class.path=/Users/chengong/IdeaProjects/untitled2/target/test-classes:/Users/chengong/IdeaProjects/untitled2/target/classes:/Users/chengong/.m2/repository/org/springframework/boot/spring-boot-starter/1.5.7.RELEASE/spring-boot-starter-1.5.7.RELEASE.jar:/Users/chengong/.m2/repository/org/springframework/boot/spring-boot/1.5.7.RELEASE/spring-boot-1.5.7.RELEASE.jar:/Users/chengong/.m2/repository/org/springframework/spring-context/4.3.11.RELEASE/spring-context-4.3.11.RELEASE.jar:/Users/chengong/.m2/repository/org/springframework/spring-aop/4.3.11.RELEASE/spring-aop-4.3.11.RELEASE.jar:/Users/chengong/.m2/repository/org/springframework/boot/spring-boot-autoconfigure/1.5.7.RELEASE/spring-boot-autoconfigure-1.5.7.RELEASE.jar:/Users/chengong/.m2/repository/org/springframework/boot/spring-boot-starter-logging/1.5.7.RELEASE/spring-boot-starter-logging-1.5.7.RELEASE.jar:/Users/chengong/.m2/repository/ch/qos/logback/logback-classic/1.1.11/logback-classic-1.1.11.jar:/Users/chengong/.m2/repository/ch/qos/logback/logback-core/1.1.11/logback-core-1.1.11.jar:/Users/chengong/.m2/repository/org/slf4j/jcl-over-slf4j/1.7.25/jcl-over-slf4j-1.7.25.jar:/Users/chengong/.m2/repository/org/slf4j/jul-to-slf4j/1.7.25/jul-to-slf4j-1.7.25.jar:/Users/chengong/.m2/repository/org/slf4j/log4j-over-slf4j/1.7.25/log4j-over-slf4j-1.7.25.jar:/Users/chengong/.m2/repository/org/springframework/spring-core/4.3.11.RELEASE/spring-core-4.3.11.RELEASE.jar:/Users/chengong/.m2/repository/org/yaml/snakeyaml/1.17/snakeyaml-1.17.jar:/Users/chengong/.m2/repository/org/springframework/boot/spring-boot-starter-data-mongodb/1.5.7.RELEASE/spring-boot-starter-data-mongodb-1.5.7.RELEASE.jar:/Users/chengong/.m2/repository/org/mongodb/mongodb-driver/3.4.3/mongodb-driver-3.4.3.jar:/Users/chengong/.m2/repository/org/mongodb/mongodb-driver-core/3.4.3/mongodb-driver-core-3.4.3.jar:/Users/chengong/.m2/repository/org/mongodb/bson/3.4.3/bson-3.4.3.jar:/Users/chengong/.m2/repository/org/springframework/data/spring-data-mongodb/1.10.7.RELEASE/spring-data-mongodb-1.10.7.RELEASE.jar:/Users/chengong/.m2/repository/org/springframework/spring-tx/4.3.11.RELEASE/spring-tx-4.3.11.RELEASE.jar:/Users/chengong/.m2/repository/org/springframework/spring-beans/4.3.11.RELEASE/spring-beans-4.3.11.RELEASE.jar:/Users/chengong/.m2/repository/org/springframework/spring-expression/4.3.11.RELEASE/spring-expression-4.3.11.RELEASE.jar:/Users/chengong/.m2/repository/org/springframework/data/spring-data-commons/1.13.7.RELEASE/spring-data-commons-1.13.7.RELEASE.jar:/Users/chengong/.m2/repository/org/slf4j/slf4j-api/1.7.25/slf4j-api-1.7.25.jar:/Users/chengong/.m2/repository/javax/inject/javax.inject/1/javax.inject-1.jar:/Users/chengong/.m2/repository/javax/validation/validation-api/2.0.0.Final/validation-api-2.0.0.Final.jar:/Users/chengong/.m2/repository/javax/persistence/persistence-api/1.0.2/persistence-api-1.0.2.jar:/Users/chengong/.m2/repository/org/apache/commons/commons-lang3/3.6/commons-lang3-3.6.jar:/Users/chengong/.m2/repository/commons-collections/commons-collections/3.2.2/commons-collections-3.2.2.jar:/Users/chengong/.m2/repository/org/hibernate/validator/hibernate-validator/6.0.2.Final/hibernate-validator-6.0.2.Final.jar:/Users/chengong/.m2/repository/org/jboss/logging/jboss-logging/3.3.1.Final/jboss-logging-3.3.1.Final.jar:/Users/chengong/.m2/repository/com/fasterxml/classmate/1.3.4/classmate-1.3.4.jar:/Users/chengong/.m2/repository/org/projectlombok/lombok/1.16.16/lombok-1.16.16.jar:/Users/chengong/.m2/repository/org/glassfish/javax.el/3.0.0/javax.el-3.0.0.jar:/Users/chengong/.m2/repository/org/springframework/boot/spring-boot-starter-test/1.5.7.RELEASE/spring-boot-starter-test-1.5.7.RELEASE.jar:/Users/chengong/.m2/repository/org/springframework/boot/spring-boot-test/1.5.7.RELEASE/spring-boot-test-1.5.7.RELEASE.jar:/Users/chengong/.m2/repository/org/springframework/boot/spring-boot-test-autoconfigure/1.5.7.RELEASE/spring-boot-test-autoconfigure-1.5.7.RELEASE.jar:/Users/chengong/.m2/repository/com/jayway/jsonpath/json-path/2.2.0/json-path-2.2.0.jar:/Users/chengong/.m2/repository/net/minidev/json-smart/2.2.1/json-smart-2.2.1.jar:/Users/chengong/.m2/repository/net/minidev/accessors-smart/1.1/accessors-smart-1.1.jar:/Users/chengong/.m2/repository/org/ow2/asm/asm/5.0.3/asm-5.0.3.jar:/Users/chengong/.m2/repository/junit/junit/4.12/junit-4.12.jar:/Users/chengong/.m2/repository/org/hamcrest/hamcrest-core/1.3/hamcrest-core-1.3.jar:/Users/chengong/.m2/repository/org/hamcrest/hamcrest-library/1.3/hamcrest-library-1.3.jar:/Users/chengong/.m2/repository/org/skyscreamer/jsonassert/1.4.0/jsonassert-1.4.0.jar:/Users/chengong/.m2/repository/com/vaadin/external/google/android-json/0.0.20131108.vaadin1/android-json-0.0.20131108.vaadin1.jar:/Users/chengong/.m2/repository/org/springframework/spring-test/4.3.11.RELEASE/spring-test-4.3.11.RELEASE.jar:/Users/chengong/.m2/repository/org/assertj/assertj-core/3.8.0/assertj-core-3.8.0.jar:/Users/chengong/.m2/repository/org/mockito/mockito-core/2.10.0/mockito-core-2.10.0.jar:/Users/chengong/.m2/repository/net/bytebuddy/byte-buddy/1.7.4/byte-buddy-1.7.4.jar:/Users/chengong/.m2/repository/net/bytebuddy/byte-buddy-agent/1.7.4/byte-buddy-agent-1.7.4.jar:/Users/chengong/.m2/repository/org/objenesis/objenesis/2.6/objenesis-2.6.jar:, java.specification.name=Java Platform API Specification, java.class.version=52.0, sun.management.compiler=HotSpot 64-Bit Tiered Compilers, os.version=13.2.1, http.nonProxyHosts=local|*.local|169.254/16|*.169.254/16, user.home=/Users/chengong, user.timezone=Europe/Paris, java.awt.printerjob=sun.lwawt.macosx.CPrinterJob, file.encoding=UTF-8, java.specification.version=1.8, java.class.path=/Users/chengong/IdeaProjects/untitled2/target/test-classes:/Users/chengong/IdeaProjects/untitled2/target/classes:/Users/chengong/.m2/repository/org/springframework/boot/spring-boot-starter/1.5.7.RELEASE/spring-boot-starter-1.5.7.RELEASE.jar:/Users/chengong/.m2/repository/org/springframework/boot/spring-boot/1.5.7.RELEASE/spring-boot-1.5.7.RELEASE.jar:/Users/chengong/.m2/repository/org/springframework/spring-context/4.3.11.RELEASE/spring-context-4.3.11.RELEASE.jar:/Users/chengong/.m2/repository/org/springframework/spring-aop/4.3.11.RELEASE/spring-aop-4.3.11.RELEASE.jar:/Users/chengong/.m2/repository/org/springframework/boot/spring-boot-autoconfigure/1.5.7.RELEASE/spring-boot-autoconfigure-1.5.7.RELEASE.jar:/Users/chengong/.m2/repository/org/springframework/boot/spring-boot-starter-logging/1.5.7.RELEASE/spring-boot-starter-logging-1.5.7.RELEASE.jar:/Users/chengong/.m2/repository/ch/qos/logback/logback-classic/1.1.11/logback-classic-1.1.11.jar:/Users/chengong/.m2/repository/ch/qos/logback/logback-core/1.1.11/logback-core-1.1.11.jar:/Users/chengong/.m2/repository/org/slf4j/jcl-over-slf4j/1.7.25/jcl-over-slf4j-1.7.25.jar:/Users/chengong/.m2/repository/org/slf4j/jul-to-slf4j/1.7.25/jul-to-slf4j-1.7.25.jar:/Users/chengong/.m2/repository/org/slf4j/log4j-over-slf4j/1.7.25/log4j-over-slf4j-1.7.25.jar:/Users/chengong/.m2/repository/org/springframework/spring-core/4.3.11.RELEASE/spring-core-4.3.11.RELEASE.jar:/Users/chengong/.m2/repository/org/yaml/snakeyaml/1.17/snakeyaml-1.17.jar:/Users/chengong/.m2/repository/org/springframework/boot/spring-boot-starter-data-mongodb/1.5.7.RELEASE/spring-boot-starter-data-mongodb-1.5.7.RELEASE.jar:/Users/chengong/.m2/repository/org/mongodb/mongodb-driver/3.4.3/mongodb-driver-3.4.3.jar:/Users/chengong/.m2/repository/org/mongodb/mongodb-driver-core/3.4.3/mongodb-driver-core-3.4.3.jar:/Users/chengong/.m2/repository/org/mongodb/bson/3.4.3/bson-3.4.3.jar:/Users/chengong/.m2/repository/org/springframework/data/spring-data-mongodb/1.10.7.RELEASE/spring-data-mongodb-1.10.7.RELEASE.jar:/Users/chengong/.m2/repository/org/springframework/spring-tx/4.3.11.RELEASE/spring-tx-4.3.11.RELEASE.jar:/Users/chengong/.m2/repository/org/springframework/spring-beans/4.3.11.RELEASE/spring-beans-4.3.11.RELEASE.jar:/Users/chengong/.m2/repository/org/springframework/spring-expression/4.3.11.RELEASE/spring-expression-4.3.11.RELEASE.jar:/Users/chengong/.m2/repository/org/springframework/data/spring-data-commons/1.13.7.RELEASE/spring-data-commons-1.13.7.RELEASE.jar:/Users/chengong/.m2/repository/org/slf4j/slf4j-api/1.7.25/slf4j-api-1.7.25.jar:/Users/chengong/.m2/repository/javax/inject/javax.inject/1/javax.inject-1.jar:/Users/chengong/.m2/repository/javax/validation/validation-api/2.0.0.Final/validation-api-2.0.0.Final.jar:/Users/chengong/.m2/repository/javax/persistence/persistence-api/1.0.2/persistence-api-1.0.2.jar:/Users/chengong/.m2/repository/org/apache/commons/commons-lang3/3.6/commons-lang3-3.6.jar:/Users/chengong/.m2/repository/commons-collections/commons-collections/3.2.2/commons-collections-3.2.2.jar:/Users/chengong/.m2/repository/org/hibernate/validator/hibernate-validator/6.0.2.Final/hibernate-validator-6.0.2.Final.jar:/Users/chengong/.m2/repository/org/jboss/logging/jboss-logging/3.3.1.Final/jboss-logging-3.3.1.Final.jar:/Users/chengong/.m2/repository/com/fasterxml/classmate/1.3.4/classmate-1.3.4.jar:/Users/chengong/.m2/repository/org/projectlombok/lombok/1.16.16/lombok-1.16.16.jar:/Users/chengong/.m2/repository/org/glassfish/javax.el/3.0.0/javax.el-3.0.0.jar:/Users/chengong/.m2/repository/org/springframework/boot/spring-boot-starter-test/1.5.7.RELEASE/spring-boot-starter-test-1.5.7.RELEASE.jar:/Users/chengong/.m2/repository/org/springframework/boot/spring-boot-test/1.5.7.RELEASE/spring-boot-test-1.5.7.RELEASE.jar:/Users/chengong/.m2/repository/org/springframework/boot/spring-boot-test-autoconfigure/1.5.7.RELEASE/spring-boot-test-autoconfigure-1.5.7.RELEASE.jar:/Users/chengong/.m2/repository/com/jayway/jsonpath/json-path/2.2.0/json-path-2.2.0.jar:/Users/chengong/.m2/repository/net/minidev/json-smart/2.2.1/json-smart-2.2.1.jar:/Users/chengong/.m2/repository/net/minidev/accessors-smart/1.1/accessors-smart-1.1.jar:/Users/chengong/.m2/repository/org/ow2/asm/asm/5.0.3/asm-5.0.3.jar:/Users/chengong/.m2/repository/junit/junit/4.12/junit-4.12.jar:/Users/chengong/.m2/repository/org/hamcrest/hamcrest-core/1.3/hamcrest-core-1.3.jar:/Users/chengong/.m2/repository/org/hamcrest/hamcrest-library/1.3/hamcrest-library-1.3.jar:/Users/chengong/.m2/repository/org/skyscreamer/jsonassert/1.4.0/jsonassert-1.4.0.jar:/Users/chengong/.m2/repository/com/vaadin/external/google/android-json/0.0.20131108.vaadin1/android-json-0.0.20131108.vaadin1.jar:/Users/chengong/.m2/repository/org/springframework/spring-test/4.3.11.RELEASE/spring-test-4.3.11.RELEASE.jar:/Users/chengong/.m2/repository/org/assertj/assertj-core/3.8.0/assertj-core-3.8.0.jar:/Users/chengong/.m2/repository/org/mockito/mockito-core/2.10.0/mockito-core-2.10.0.jar:/Users/chengong/.m2/repository/net/bytebuddy/byte-buddy/1.7.4/byte-buddy-1.7.4.jar:/Users/chengong/.m2/repository/net/bytebuddy/byte-buddy-agent/1.7.4/byte-buddy-agent-1.7.4.jar:/Users/chengong/.m2/repository/org/objenesis/objenesis/2.6/objenesis-2.6.jar:, user.name=chengong, java.vm.specification.version=1.8, sun.java.command=/Users/chengong/IdeaProjects/untitled2/target/surefire/surefirebooter2002625863625031665.jar /Users/chengong/IdeaProjects/untitled2/target/surefire/surefire1676131753318224588tmp /Users/chengong/IdeaProjects/untitled2/target/surefire/surefire_06523962741063772783tmp, java.home=/Users/chengong/Library/Java/JavaVirtualMachines/corretto-1.8.0_362/Contents/Home/jre, sun.arch.data.model=64, user.language=zh, java.specification.vendor=Oracle Corporation, awt.toolkit=sun.lwawt.macosx.LWCToolkit, java.vm.info=mixed mode, java.version=1.8.0_362, java.ext.dirs=/Users/chengong/Library/Java/Extensions:/Users/chengong/Library/Java/JavaVirtualMachines/corretto-1.8.0_362/Contents/Home/jre/lib/ext:/Library/Java/Extensions:/Network/Library/Java/Extensions:/System/Library/Java/Extensions:/usr/lib/java, sun.boot.class.path=/Users/chengong/Library/Java/JavaVirtualMachines/corretto-1.8.0_362/Contents/Home/jre/lib/resources.jar:/Users/chengong/Library/Java/JavaVirtualMachines/corretto-1.8.0_362/Contents/Home/jre/lib/rt.jar:/Users/chengong/Library/Java/JavaVirtualMachines/corretto-1.8.0_362/Contents/Home/jre/lib/sunrsasign.jar:/Users/chengong/Library/Java/JavaVirtualMachines/corretto-1.8.0_362/Contents/Home/jre/lib/jsse.jar:/Users/chengong/Library/Java/JavaVirtualMachines/corretto-1.8.0_362/Contents/Home/jre/lib/jce.jar:/Users/chengong/Library/Java/JavaVirtualMachines/corretto-1.8.0_362/Contents/Home/jre/lib/charsets.jar:/Users/chengong/Library/Java/JavaVirtualMachines/corretto-1.8.0_362/Contents/Home/jre/lib/jfr.jar:/Users/chengong/Library/Java/JavaVirtualMachines/corretto-1.8.0_362/Contents/Home/jre/classes, java.vendor=Amazon.com Inc., java.specification.maintenance.version=4, localRepository=/Users/chengong/.m2/repository, file.separator=/, java.vendor.url.bug=https://github.com/corretto/corretto-8/issues/, sun.io.unicode.encoding=UnicodeBig, sun.cpu.endian=little, socksNonProxyHosts=local|*.local|169.254/16|*.169.254/16, ftp.nonProxyHosts=local|*.local|169.254/16|*.169.254/16, sun.cpu.isalist=}}, SystemEnvironmentPropertySource@65586123 {name='systemEnvironment', properties={__CFBundleIdentifier=com.jetbrains.intellij.ie, PATH=/usr/local/bin:/System/Cryptexes/App/usr/bin:/usr/bin:/bin:/usr/sbin:/sbin:/Library/Apple/usr/bin, SHELL=/bin/zsh, JAVA_HOME=/Library/Java/JavaVirtualMachines/jdk-19.jdk/Contents/Home, OLDPWD=/Users/chengong/IdeaProjects/untitled2, USER=chengong, COMMAND_MODE=unix2003, TMPDIR=/var/folders/xm/ps65dhqn7qb2l3cmz84y5bjw0000gn/T/, JAVA_MAIN_CLASS_1735=org.apache.maven.surefire.booter.ForkedBooter, SSH_AUTH_SOCK=/private/tmp/com.apple.launchd.nwnfRSPvas/Listeners, XPC_FLAGS=0x0, __CF_USER_TEXT_ENCODING=0x1F5:0x19:0x34, LOGNAME=chengong, LC_CTYPE=en_US.UTF-8, XPC_SERVICE_NAME=0, PWD=/Users/chengong/IdeaProjects/untitled2, HOME=/Users/chengong, SHLVL=1, _=/Users/chengong/Library/Java/JavaVirtualMachines/corretto-1.8.0_362/Contents/Home/jre/bin/java, JAVA_MAIN_CLASS_1733=org.codehaus.classworlds.Launcher}}]
23:51:20.922 [main] ERROR org.springframework.test.context.TestContextManager - Caught exception while allowing TestExecutionListener [org.springframework.boot.test.autoconfigure.SpringBootDependencyInjectionTestExecutionListener@3f6f6701] to prepare test instance [com.bank.account.service.AccountServiceIntegrationTest@5d534f5d]
java.lang.IllegalStateException: Failed to load ApplicationContext
	at org.springframework.test.context.cache.DefaultCacheAwareContextLoaderDelegate.loadContext(DefaultCacheAwareContextLoaderDelegate.java:124)
	at org.springframework.test.context.support.DefaultTestContext.getApplicationContext(DefaultTestContext.java:83)
	at org.springframework.test.context.support.DependencyInjectionTestExecutionListener.injectDependencies(DependencyInjectionTestExecutionListener.java:117)
	at org.springframework.test.context.support.DependencyInjectionTestExecutionListener.prepareTestInstance(DependencyInjectionTestExecutionListener.java:83)
	at org.springframework.boot.test.autoconfigure.SpringBootDependencyInjectionTestExecutionListener.prepareTestInstance(SpringBootDependencyInjectionTestExecutionListener.java:44)
	at org.springframework.test.context.TestContextManager.prepareTestInstance(TestContextManager.java:230)
	at org.springframework.test.context.junit4.SpringJUnit4ClassRunner.createTest(SpringJUnit4ClassRunner.java:228)
	at org.springframework.test.context.junit4.SpringJUnit4ClassRunner$1.runReflectiveCall(SpringJUnit4ClassRunner.java:287)
	at org.junit.internal.runners.model.ReflectiveCallable.run(ReflectiveCallable.java:12)
	at org.springframework.test.context.junit4.SpringJUnit4ClassRunner.methodBlock(SpringJUnit4ClassRunner.java:289)
	at org.springframework.test.context.junit4.SpringJUnit4ClassRunner.runChild(SpringJUnit4ClassRunner.java:247)
	at org.springframework.test.context.junit4.SpringJUnit4ClassRunner.runChild(SpringJUnit4ClassRunner.java:94)
	at org.junit.runners.ParentRunner$3.run(ParentRunner.java:290)
	at org.junit.runners.ParentRunner$1.schedule(ParentRunner.java:71)
	at org.junit.runners.ParentRunner.runChildren(ParentRunner.java:288)
	at org.junit.runners.ParentRunner.access$000(ParentRunner.java:58)
	at org.junit.runners.ParentRunner$2.evaluate(ParentRunner.java:268)
	at org.springframework.test.context.junit4.statements.RunBeforeTestClassCallbacks.evaluate(RunBeforeTestClassCallbacks.java:61)
	at org.springframework.test.context.junit4.statements.RunAfterTestClassCallbacks.evaluate(RunAfterTestClassCallbacks.java:70)
	at org.junit.runners.ParentRunner.run(ParentRunner.java:363)
	at org.springframework.test.context.junit4.SpringJUnit4ClassRunner.run(SpringJUnit4ClassRunner.java:191)
	at org.apache.maven.surefire.junit4.JUnit4Provider.execute(JUnit4Provider.java:283)
	at org.apache.maven.surefire.junit4.JUnit4Provider.executeWithRerun(JUnit4Provider.java:173)
	at org.apache.maven.surefire.junit4.JUnit4Provider.executeTestSet(JUnit4Provider.java:153)
	at org.apache.maven.surefire.junit4.JUnit4Provider.invoke(JUnit4Provider.java:128)
	at org.apache.maven.surefire.booter.ForkedBooter.invokeProviderInSameClassLoader(ForkedBooter.java:203)
	at org.apache.maven.surefire.booter.ForkedBooter.runSuitesInProcess(ForkedBooter.java:155)
	at org.apache.maven.surefire.booter.ForkedBooter.main(ForkedBooter.java:103)
Caused by: java.lang.IllegalStateException: Failed to add PropertySource to Environment
	at org.springframework.test.context.support.TestPropertySourceUtils.addPropertiesFilesToEnvironment(TestPropertySourceUtils.java:198)
	at org.springframework.boot.test.context.SpringBootContextLoader.loadContext(SpringBootContextLoader.java:100)
	at org.springframework.test.context.cache.DefaultCacheAwareContextLoaderDelegate.loadContextInternal(DefaultCacheAwareContextLoaderDelegate.java:98)
	at org.springframework.test.context.cache.DefaultCacheAwareContextLoaderDelegate.loadContext(DefaultCacheAwareContextLoaderDelegate.java:116)
	... 27 common frames omitted
Caused by: java.io.FileNotFoundException: class path resource [application.properties] cannot be opened because it does not exist
	at org.springframework.core.io.ClassPathResource.getInputStream(ClassPathResource.java:172)
	at org.springframework.core.io.support.EncodedResource.getInputStream(EncodedResource.java:154)
	at org.springframework.core.io.support.PropertiesLoaderUtils.fillProperties(PropertiesLoaderUtils.java:98)
	at org.springframework.core.io.support.PropertiesLoaderUtils.fillProperties(PropertiesLoaderUtils.java:72)
	at org.springframework.core.io.support.PropertiesLoaderUtils.loadProperties(PropertiesLoaderUtils.java:58)
	at org.springframework.core.io.support.ResourcePropertySource.<init>(ResourcePropertySource.java:84)
	at org.springframework.test.context.support.TestPropertySourceUtils.addPropertiesFilesToEnvironment(TestPropertySourceUtils.java:194)
	... 30 common frames omitted
]]></system-out>
  </testcase>
</testsuite>